<?xml version="1.0" encoding="UTF-8"?>
<testng-results ignored="0" total="1" passed="1" failed="0" skipped="0">
  <reporter-output>
  </reporter-output>
  <suite started-at="2020-11-05T06:12:51Z" name="Default suite" finished-at="2020-11-05T06:14:16Z" duration-ms="84786">
    <groups>
    </groups>
    <test started-at="2020-11-05T06:12:51Z" name="Default test" finished-at="2020-11-05T06:14:16Z" duration-ms="84786">
      <class name="com.trip.cost.Main">
        <test-method is-config="true" signature="startTest()[pri:0, instance:com.trip.cost.Main@37fb0bed]" started-at="2020-11-05T06:12:51Z" name="startTest" finished-at="2020-11-05T06:12:54Z" duration-ms="2472" status="PASS">
          <reporter-output>
          </reporter-output>
        </test-method> <!-- startTest -->
        <test-method signature="controller()[pri:0, instance:com.trip.cost.Main@37fb0bed]" started-at="2020-11-05T06:12:54Z" name="controller" finished-at="2020-11-05T06:14:14Z" duration-ms="80028" status="PASS">
          <reporter-output>
          </reporter-output>
        </test-method> <!-- controller -->
        <test-method is-config="true" signature="browserQuit()[pri:0, instance:com.trip.cost.Main@37fb0bed]" started-at="2020-11-05T06:14:14Z" name="browserQuit" finished-at="2020-11-05T06:14:16Z" duration-ms="2234" status="PASS">
          <reporter-output>
          </reporter-output>
        </test-method> <!-- browserQuit -->
      </class> <!-- com.trip.cost.Main -->
    </test> <!-- Default test -->
  </suite> <!-- Default suite -->
</testng-results>
